<?xml version="1.0" encoding="UTF-8"?>
<testng-results skipped="0" failed="0" ignored="0" total="1" passed="1">
  <reporter-output>
  </reporter-output>
  <suite name="Parallel Testing Suite" duration-ms="7549" started-at="2022-06-03T23:47:54 EET" finished-at="2022-06-03T23:48:02 EET">
    <groups>
    </groups>
    <test name="Parallel Tests" duration-ms="7549" started-at="2022-06-03T23:47:54 EET" finished-at="2022-06-03T23:48:02 EET">
      <class name="tests.TestRegistrationJAVAFAKER">
        <test-method status="PASS" signature="setup(java.lang.String)[pri:0, instance:tests.TestRegistrationJAVAFAKER@107f4980]" name="setup" is-config="true" duration-ms="4611" started-at="2022-06-03T23:47:54 EET" finished-at="2022-06-03T23:47:59 EET">
          <params>
            <param index="0">
              <value>
                <![CDATA[Chrome]]>
              </value>
            </param>
          </params>
          <reporter-output>
          </reporter-output>
        </test-method> <!-- setup -->
        <test-method status="PASS" signature="Register()[pri:0, instance:tests.TestRegistrationJAVAFAKER@107f4980]" name="Register" duration-ms="2087" started-at="2022-06-03T23:47:59 EET" finished-at="2022-06-03T23:48:01 EET">
          <reporter-output>
          </reporter-output>
        </test-method> <!-- Register -->
        <test-method status="PASS" signature="takeSC(org.testng.ITestResult)[pri:0, instance:tests.TestRegistrationJAVAFAKER@107f4980]" name="takeSC" is-config="true" duration-ms="0" started-at="2022-06-03T23:48:01 EET" finished-at="2022-06-03T23:48:01 EET">
          <params>
            <param index="0">
              <value>
                <![CDATA[[TestResult name=Register status=SUCCESS method=TestRegistrationJAVAFAKER.Register()[pri:0, instance:tests.TestRegistrationJAVAFAKER@107f4980] output={null}]]]>
              </value>
            </param>
          </params>
          <reporter-output>
          </reporter-output>
        </test-method> <!-- takeSC -->
        <test-method status="PASS" signature="quit()[pri:0, instance:tests.TestRegistrationJAVAFAKER@107f4980]" name="quit" is-config="true" duration-ms="709" started-at="2022-06-03T23:48:01 EET" finished-at="2022-06-03T23:48:02 EET">
          <reporter-output>
          </reporter-output>
        </test-method> <!-- quit -->
      </class> <!-- tests.TestRegistrationJAVAFAKER -->
    </test> <!-- Parallel Tests -->
  </suite> <!-- Parallel Testing Suite -->
</testng-results>
