<?xml version="1.0" encoding="UTF-8"?>
<testng-results skipped="0" failed="0" ignored="0" total="1" passed="1">
  <reporter-output>
  </reporter-output>
  <suite name="Parallel Testing Suite" duration-ms="49475" started-at="2022-05-29T16:49:20 EET" finished-at="2022-05-29T16:50:10 EET">
    <groups>
    </groups>
    <test name="Parallel Tests" duration-ms="49475" started-at="2022-05-29T16:49:20 EET" finished-at="2022-05-29T16:50:10 EET">
      <class name="tests.TestRegistrationCSV">
        <test-method status="PASS" signature="setup(java.lang.String)[pri:0, instance:tests.TestRegistrationCSV@184cf7cf]" name="setup" is-config="true" duration-ms="3878" started-at="2022-05-29T16:49:20 EET" finished-at="2022-05-29T16:49:24 EET">
          <params>
            <param index="0">
              <value>
                <![CDATA[Chrome]]>
              </value>
            </param>
          </params>
          <reporter-output>
          </reporter-output>
        </test-method> <!-- setup -->
        <test-method status="PASS" signature="Register()[pri:0, instance:tests.TestRegistrationCSV@184cf7cf]" name="Register" duration-ms="44625" started-at="2022-05-29T16:49:24 EET" finished-at="2022-05-29T16:50:09 EET">
          <reporter-output>
          </reporter-output>
        </test-method> <!-- Register -->
        <test-method status="PASS" signature="takeSC(org.testng.ITestResult)[pri:0, instance:tests.TestRegistrationCSV@184cf7cf]" name="takeSC" is-config="true" duration-ms="2" started-at="2022-05-29T16:50:09 EET" finished-at="2022-05-29T16:50:09 EET">
          <params>
            <param index="0">
              <value>
                <![CDATA[[TestResult name=Register status=SUCCESS method=TestRegistrationCSV.Register()[pri:0, instance:tests.TestRegistrationCSV@184cf7cf] output={null}]]]>
              </value>
            </param>
          </params>
          <reporter-output>
          </reporter-output>
        </test-method> <!-- takeSC -->
        <test-method status="PASS" signature="quit()[pri:0, instance:tests.TestRegistrationCSV@184cf7cf]" name="quit" is-config="true" duration-ms="739" started-at="2022-05-29T16:50:09 EET" finished-at="2022-05-29T16:50:10 EET">
          <reporter-output>
          </reporter-output>
        </test-method> <!-- quit -->
      </class> <!-- tests.TestRegistrationCSV -->
    </test> <!-- Parallel Tests -->
  </suite> <!-- Parallel Testing Suite -->
</testng-results>
