<?xml version="1.0" encoding="UTF-8"?>
<testng-results skipped="0" failed="1" ignored="0" total="1" passed="0">
  <reporter-output>
  </reporter-output>
  <suite name="Parallel Testing Suite" duration-ms="6783" started-at="2022-06-08T22:33:12 EET" finished-at="2022-06-08T22:33:18 EET">
    <groups>
    </groups>
    <test name="Parallel Tests" duration-ms="6783" started-at="2022-06-08T22:33:12 EET" finished-at="2022-06-08T22:33:18 EET">
      <class name="tests.TestRegistration">
        <test-method status="PASS" signature="setup(java.lang.String)[pri:0, instance:tests.TestRegistration@3901d134]" name="setup" is-config="true" duration-ms="4506" started-at="2022-06-08T22:33:12 EET" finished-at="2022-06-08T22:33:16 EET">
          <params>
            <param index="0">
              <value>
                <![CDATA[Headless]]>
              </value>
            </param>
          </params>
          <reporter-output>
          </reporter-output>
        </test-method> <!-- setup -->
        <test-method status="FAIL" signature="Register()[pri:0, instance:tests.TestRegistration@3901d134]" name="Register" duration-ms="1315" started-at="2022-06-08T22:33:16 EET" finished-at="2022-06-08T22:33:18 EET">
          <exception class="java.lang.AssertionError">
            <message>
              <![CDATA[expected [] but found [Your registration completed]]]>
            </message>
            <full-stacktrace>
              <![CDATA[java.lang.AssertionError: expected [] but found [Your registration completed]
at org.testng.Assert.fail(Assert.java:110)
at org.testng.Assert.failNotEquals(Assert.java:1413)
at org.testng.Assert.assertEqualsImpl(Assert.java:149)
at org.testng.Assert.assertEquals(Assert.java:131)
at org.testng.Assert.assertEquals(Assert.java:655)
at org.testng.Assert.assertEquals(Assert.java:665)
at tests.TestRegistration.Register(TestRegistration.java:30)
at sun.reflect.NativeMethodAccessorImpl.invoke0(Native Method)
at sun.reflect.NativeMethodAccessorImpl.invoke(NativeMethodAccessorImpl.java:62)
at sun.reflect.DelegatingMethodAccessorImpl.invoke(DelegatingMethodAccessorImpl.java:43)
at java.lang.reflect.Method.invoke(Method.java:498)
at org.testng.internal.invokers.MethodInvocationHelper.invokeMethod(MethodInvocationHelper.java:135)
at org.testng.internal.invokers.TestInvoker.invokeMethod(TestInvoker.java:673)
at org.testng.internal.invokers.TestInvoker.invokeTestMethod(TestInvoker.java:220)
at org.testng.internal.invokers.MethodRunner.runInSequence(MethodRunner.java:50)
at org.testng.internal.invokers.TestInvoker$MethodInvocationAgent.invoke(TestInvoker.java:945)
at org.testng.internal.invokers.TestInvoker.invokeTestMethods(TestInvoker.java:193)
at org.testng.internal.invokers.TestMethodWorker.invokeTestMethods(TestMethodWorker.java:146)
at org.testng.internal.invokers.TestMethodWorker.run(TestMethodWorker.java:128)
at java.util.concurrent.ThreadPoolExecutor.runWorker(ThreadPoolExecutor.java:1142)
at java.util.concurrent.ThreadPoolExecutor$Worker.run(ThreadPoolExecutor.java:617)
at java.lang.Thread.run(Thread.java:745)
]]>
            </full-stacktrace>
          </exception> <!-- java.lang.AssertionError -->
          <reporter-output>
          </reporter-output>
        </test-method> <!-- Register -->
        <test-method status="PASS" signature="takeSC(org.testng.ITestResult)[pri:0, instance:tests.TestRegistration@3901d134]" name="takeSC" is-config="true" duration-ms="116" started-at="2022-06-08T22:33:18 EET" finished-at="2022-06-08T22:33:18 EET">
          <params>
            <param index="0">
              <value>
                <![CDATA[[TestResult name=Register status=FAILURE method=TestRegistration.Register()[pri:0, instance:tests.TestRegistration@3901d134] output={null}]]]>
              </value>
            </param>
          </params>
          <reporter-output>
          </reporter-output>
        </test-method> <!-- takeSC -->
        <test-method status="PASS" signature="quit()[pri:0, instance:tests.TestRegistration@3901d134]" name="quit" is-config="true" duration-ms="585" started-at="2022-06-08T22:33:18 EET" finished-at="2022-06-08T22:33:18 EET">
          <reporter-output>
          </reporter-output>
        </test-method> <!-- quit -->
      </class> <!-- tests.TestRegistration -->
    </test> <!-- Parallel Tests -->
  </suite> <!-- Parallel Testing Suite -->
</testng-results>
