<?xml version="1.0" encoding="UTF-8"?>
<testng-results skipped="0" failed="0" ignored="0" total="1" passed="1">
  <reporter-output>
  </reporter-output>
  <suite name="Parallel Testing Suite" duration-ms="9194" started-at="2022-05-27T16:06:14 EET" finished-at="2022-05-27T16:06:23 EET">
    <groups>
    </groups>
    <test name="Parallel Tests" duration-ms="9194" started-at="2022-05-27T16:06:14 EET" finished-at="2022-05-27T16:06:23 EET">
      <class name="TestRegisteration">
        <test-method status="PASS" signature="setup(java.lang.String)[pri:0, instance:TestRegisteration@78b729e6]" name="setup" is-config="true" duration-ms="5631" started-at="2022-05-27T16:06:14 EET" finished-at="2022-05-27T16:06:20 EET">
          <params>
            <param index="0">
              <value>
                <![CDATA[firefox]]>
              </value>
            </param>
          </params>
          <reporter-output>
          </reporter-output>
        </test-method> <!-- setup -->
        <test-method status="PASS" signature="Register()[pri:0, instance:TestRegisteration@78b729e6]" name="Register" duration-ms="2096" started-at="2022-05-27T16:06:20 EET" finished-at="2022-05-27T16:06:22 EET">
          <reporter-output>
          </reporter-output>
        </test-method> <!-- Register -->
        <test-method status="PASS" signature="takeSC(org.testng.ITestResult)[pri:0, instance:TestRegisteration@78b729e6]" name="takeSC" is-config="true" duration-ms="0" started-at="2022-05-27T16:06:22 EET" finished-at="2022-05-27T16:06:22 EET">
          <params>
            <param index="0">
              <value>
                <![CDATA[[TestResult name=Register status=SUCCESS method=TestRegisteration.Register()[pri:0, instance:TestRegisteration@78b729e6] output={null}]]]>
              </value>
            </param>
          </params>
          <reporter-output>
          </reporter-output>
        </test-method> <!-- takeSC -->
        <test-method status="PASS" signature="quit()[pri:0, instance:TestRegisteration@78b729e6]" name="quit" is-config="true" duration-ms="1289" started-at="2022-05-27T16:06:22 EET" finished-at="2022-05-27T16:06:23 EET">
          <reporter-output>
          </reporter-output>
        </test-method> <!-- quit -->
      </class> <!-- TestRegisteration -->
    </test> <!-- Parallel Tests -->
  </suite> <!-- Parallel Testing Suite -->
</testng-results>
